<?xml version="1.0" encoding="UTF-8"?>
<!-- Generated by org.testng.reporters.JUnitXMLReporter -->
<testsuite hostname="DESKTOP-HGMDJ3C" ignored="2" name="Default test(failed)(failed)" tests="1" failures="0" timestamp="06 Mar 2022 08:05:16 GMT" time="0.058" errors="0">
  <testcase name="testC" time="0.015" classname="demo31.Demo8"/>
  <testcase name="testA" time="0.0" classname="demo31.Demo8">
    <ignored/>
  </testcase> <!-- testA -->
  <testcase name="testB" time="0.0" classname="demo31.Demo8">
    <ignored/>
  </testcase> <!-- testB -->
</testsuite> <!-- Default test(failed)(failed) -->
