<?xml version="1.0" encoding="UTF-8"?>
<!-- Generated by org.testng.reporters.JUnitXMLReporter -->
<testsuite hostname="DESKTOP-HGMDJ3C" ignored="0" name="TestFF" tests="1" failures="1" timestamp="06 Mar 2022 12:54:31 GMT" time="58.735" errors="0">
  <testcase name="testA" time="58.688" classname="demo32.Test2">
    <failure type="org.openqa.selenium.WebDriverException" message="Reached error page: about:neterror?e=netTimeout&amp;amp;u=http%3A//demo.actitime.com/login.do&amp;amp;c=UTF-8&amp;amp;d=The%20server%20at%20demo.actitime.com%20is%20taking%20too%20long%20to%20respond.
Build info: version: &amp;apos;4.1.1&amp;apos;, revision: &amp;apos;e8fcc2cecf&amp;apos;
System info: host: &amp;apos;DESKTOP-HGMDJ3C&amp;apos;, ip: &amp;apos;192.168.56.1&amp;apos;, os.name: &amp;apos;Windows 10&amp;apos;, os.arch: &amp;apos;amd64&amp;apos;, os.version: &amp;apos;10.0&amp;apos;, java.version: &amp;apos;1.8.0_311&amp;apos;
Driver info: org.openqa.selenium.firefox.FirefoxDriver
Command: [0664b0b8-0eba-40ac-a193-2a6a74c41bb4, get {url=http://demo.actitime.com/login.do}]
Capabilities {acceptInsecureCerts: true, browserName: firefox, browserVersion: 97.0.1, javascriptEnabled: true, moz:accessibilityChecks: false, moz:buildID: 20220216172458, moz:debuggerAddress: localhost:52795, moz:geckodriverVersion: 0.30.0, moz:headless: false, moz:processID: 6352, moz:profile: C:\Users\Dell\AppData\Local..., moz:shutdownTimeout: 60000, moz:useNonSpecCompliantPointerOrigin: false, moz:webdriverClick: true, pageLoadStrategy: normal, platform: WINDOWS, platformName: WINDOWS, platformVersion: 10.0, proxy: Proxy(), se:cdp: ws://localhost:52795/devtoo..., se:cdpVersion: 85, setWindowRect: true, strictFileInteractability: false, timeouts: {implicit: 0, pageLoad: 300000, script: 30000}, unhandledPromptBehavior: dismiss and notify}
Session ID: 0664b0b8-0eba-40ac-a193-2a6a74c41bb4">
      <![CDATA[org.openqa.selenium.WebDriverException: Reached error page: about:neterror?e=netTimeout&u=http%3A//demo.actitime.com/login.do&c=UTF-8&d=The%20server%20at%20demo.actitime.com%20is%20taking%20too%20long%20to%20respond.
Build info: version: '4.1.1', revision: 'e8fcc2cecf'
System info: host: 'DESKTOP-HGMDJ3C', ip: '192.168.56.1', os.name: 'Windows 10', os.arch: 'amd64', os.version: '10.0', java.version: '1.8.0_311'
Driver info: org.openqa.selenium.firefox.FirefoxDriver
Command: [0664b0b8-0eba-40ac-a193-2a6a74c41bb4, get {url=http://demo.actitime.com/login.do}]
Capabilities {acceptInsecureCerts: true, browserName: firefox, browserVersion: 97.0.1, javascriptEnabled: true, moz:accessibilityChecks: false, moz:buildID: 20220216172458, moz:debuggerAddress: localhost:52795, moz:geckodriverVersion: 0.30.0, moz:headless: false, moz:processID: 6352, moz:profile: C:\Users\Dell\AppData\Local..., moz:shutdownTimeout: 60000, moz:useNonSpecCompliantPointerOrigin: false, moz:webdriverClick: true, pageLoadStrategy: normal, platform: WINDOWS, platformName: WINDOWS, platformVersion: 10.0, proxy: Proxy(), se:cdp: ws://localhost:52795/devtoo..., se:cdpVersion: 85, setWindowRect: true, strictFileInteractability: false, timeouts: {implicit: 0, pageLoad: 300000, script: 30000}, unhandledPromptBehavior: dismiss and notify}
Session ID: 0664b0b8-0eba-40ac-a193-2a6a74c41bb4
at org.openqa.selenium.remote.codec.w3c.W3CHttpResponseCodec.createException(W3CHttpResponseCodec.java:200)
at org.openqa.selenium.remote.codec.w3c.W3CHttpResponseCodec.decode(W3CHttpResponseCodec.java:133)
at org.openqa.selenium.remote.codec.w3c.W3CHttpResponseCodec.decode(W3CHttpResponseCodec.java:53)
at org.openqa.selenium.remote.HttpCommandExecutor.execute(HttpCommandExecutor.java:184)
at org.openqa.selenium.remote.service.DriverCommandExecutor.invokeExecute(DriverCommandExecutor.java:167)
at org.openqa.selenium.remote.service.DriverCommandExecutor.execute(DriverCommandExecutor.java:142)
at org.openqa.selenium.remote.RemoteWebDriver.execute(RemoteWebDriver.java:543)
at org.openqa.selenium.remote.RemoteWebDriver.get(RemoteWebDriver.java:312)
at demo32.Test2.testA(Test2.java:42)
at java.util.concurrent.FutureTask.run(FutureTask.java:266)
at java.util.concurrent.ThreadPoolExecutor.runWorker(ThreadPoolExecutor.java:1149)
at java.util.concurrent.ThreadPoolExecutor$Worker.run(ThreadPoolExecutor.java:624)
at java.lang.Thread.run(Thread.java:748)
... Removed 20 stack frames]]>
    </failure>
  </testcase> <!-- testA -->
</testsuite> <!-- TestFF -->
