<?xml version="1.0" encoding="UTF-8"?>
<!-- Generated by org.testng.reporters.JUnitXMLReporter -->
<testsuite hostname="DESKTOP-HGMDJ3C" ignored="2" name="Default test(failed)" tests="1" failures="1" timestamp="06 Mar 2022 08:02:31 GMT" time="0.054" errors="0">
  <testcase name="testC" time="0.021" classname="demo31.Demo8">
    <failure type="java.lang.AssertionError" message="null">
      <![CDATA[java.lang.AssertionError: null
at demo31.Demo8.testC(Demo8.java:23)
... Removed 27 stack frames]]>
    </failure>
  </testcase> <!-- testC -->
  <testcase name="testA" time="0.0" classname="demo31.Demo8">
    <ignored/>
  </testcase> <!-- testA -->
  <testcase name="testB" time="0.0" classname="demo31.Demo8">
    <ignored/>
  </testcase> <!-- testB -->
</testsuite> <!-- Default test(failed) -->
